<?xml version="1.0" encoding="UTF-8"?>
<coverage generated="1780397927198" clover="3.2.0">
  <project timestamp="1780397927198" name="All files">
    <metrics statements="230" coveredstatements="74" conditionals="188" coveredconditionals="16" methods="30" coveredmethods="11" elements="448" coveredelements="101" complexity="0" loc="230" ncloc="230" packages="2" files="10" classes="10"/>
    <package name="controllers">
      <metrics statements="175" coveredstatements="22" conditionals="172" coveredconditionals="14" methods="21" coveredmethods="3"/>
      <file name="adminController.js" path="C:\Users\reyma\Downloads\jungle_world_resort\jwr_complete\backend\src\controllers\adminController.js">
        <metrics statements="175" coveredstatements="22" conditionals="172" coveredconditionals="14" methods="21" coveredmethods="3"/>
        <line num="3" count="1" type="stmt"/>
        <line num="4" count="1" type="stmt"/>
        <line num="6" count="1" type="stmt"/>
        <line num="15" count="1" type="stmt"/>
        <line num="23" count="1" type="stmt"/>
        <line num="31" count="1" type="stmt"/>
        <line num="38" count="1" type="stmt"/>
        <line num="54" count="0" type="stmt"/>
        <line num="64" count="0" type="cond" truecount="0" falsecount="2"/>
        <line num="68" count="0" type="stmt"/>
        <line num="78" count="0" type="cond" truecount="0" falsecount="2"/>
        <line num="82" count="0" type="stmt"/>
        <line num="90" count="0" type="cond" truecount="0" falsecount="2"/>
        <line num="91" count="0" type="cond" truecount="0" falsecount="2"/>
        <line num="95" count="0" type="stmt"/>
        <line num="105" count="18" type="cond" truecount="4" falsecount="1"/>
        <line num="106" count="18" type="stmt"/>
        <line num="107" count="18" type="cond" truecount="1" falsecount="1"/>
        <line num="111" count="18" type="stmt"/>
        <line num="115" count="0" type="cond" truecount="0" falsecount="5"/>
        <line num="116" count="0" type="stmt"/>
        <line num="117" count="0" type="cond" truecount="0" falsecount="4"/>
        <line num="118" count="0" type="stmt"/>
        <line num="119" count="0" type="stmt"/>
        <line num="120" count="0" type="stmt"/>
        <line num="122" count="0" type="stmt"/>
        <line num="126" count="0" type="cond" truecount="0" falsecount="5"/>
        <line num="127" count="0" type="cond" truecount="0" falsecount="2"/>
        <line num="128" count="0" type="stmt"/>
        <line num="132" count="0" type="cond" truecount="0" falsecount="2"/>
        <line num="133" count="0" type="cond" truecount="0" falsecount="4"/>
        <line num="134" count="0" type="cond" truecount="0" falsecount="4"/>
        <line num="135" count="0" type="stmt"/>
        <line num="139" count="6" type="cond" truecount="1" falsecount="1"/>
        <line num="140" count="6" type="stmt"/>
        <line num="141" count="6" type="stmt"/>
        <line num="142" count="6" type="stmt"/>
        <line num="144" count="6" type="cond" truecount="2" falsecount="0"/>
        <line num="145" count="5" type="cond" truecount="2" falsecount="0"/>
        <line num="146" count="4" type="cond" truecount="2" falsecount="0"/>
        <line num="147" count="2" type="cond" truecount="2" falsecount="0"/>
        <line num="148" count="2" type="stmt"/>
        <line num="150" count="2" type="stmt"/>
        <line num="154" count="0" type="cond" truecount="0" falsecount="2"/>
        <line num="155" count="0" type="stmt"/>
        <line num="159" count="0" type="stmt"/>
        <line num="160" count="0" type="stmt"/>
        <line num="163" count="0" type="cond" truecount="0" falsecount="2"/>
        <line num="165" count="0" type="stmt"/>
        <line num="166" count="0" type="stmt"/>
        <line num="167" count="0" type="cond" truecount="0" falsecount="2"/>
        <line num="168" count="0" type="cond" truecount="0" falsecount="2"/>
        <line num="169" count="0" type="cond" truecount="0" falsecount="2"/>
        <line num="172" count="0" type="cond" truecount="0" falsecount="2"/>
        <line num="176" count="0" type="cond" truecount="0" falsecount="4"/>
        <line num="177" count="0" type="stmt"/>
        <line num="178" count="0" type="stmt"/>
        <line num="179" count="0" type="cond" truecount="0" falsecount="2"/>
        <line num="180" count="0" type="stmt"/>
        <line num="181" count="0" type="stmt"/>
        <line num="182" count="0" type="cond" truecount="0" falsecount="2"/>
        <line num="183" count="0" type="stmt"/>
        <line num="184" count="0" type="stmt"/>
        <line num="185" count="0" type="cond" truecount="0" falsecount="2"/>
        <line num="186" count="0" type="cond" truecount="0" falsecount="2"/>
        <line num="187" count="0" type="cond" truecount="0" falsecount="2"/>
        <line num="192" count="0" type="stmt"/>
        <line num="194" count="0" type="stmt"/>
        <line num="197" count="0" type="cond" truecount="0" falsecount="2"/>
        <line num="201" count="0" type="stmt"/>
        <line num="202" count="0" type="stmt"/>
        <line num="203" count="0" type="stmt"/>
        <line num="205" count="0" type="stmt"/>
        <line num="209" count="0" type="stmt"/>
        <line num="210" count="0" type="stmt"/>
        <line num="211" count="0" type="stmt"/>
        <line num="213" count="0" type="stmt"/>
        <line num="214" count="0" type="stmt"/>
        <line num="215" count="0" type="cond" truecount="0" falsecount="2"/>
        <line num="217" count="0" type="stmt"/>
        <line num="239" count="0" type="stmt"/>
        <line num="243" count="0" type="stmt"/>
        <line num="245" count="0" type="cond" truecount="0" falsecount="2"/>
        <line num="246" count="0" type="cond" truecount="0" falsecount="2"/>
        <line num="247" count="0" type="stmt"/>
        <line num="248" count="0" type="stmt"/>
        <line num="249" count="0" type="stmt"/>
        <line num="251" count="0" type="stmt"/>
        <line num="254" count="0" type="cond" truecount="0" falsecount="2"/>
        <line num="255" count="0" type="cond" truecount="0" falsecount="2"/>
        <line num="256" count="0" type="stmt"/>
        <line num="257" count="0" type="stmt"/>
        <line num="258" count="0" type="stmt"/>
        <line num="260" count="0" type="stmt"/>
        <line num="263" count="0" type="cond" truecount="0" falsecount="2"/>
        <line num="264" count="0" type="cond" truecount="0" falsecount="2"/>
        <line num="265" count="0" type="cond" truecount="0" falsecount="4"/>
        <line num="266" count="0" type="stmt"/>
        <line num="267" count="0" type="stmt"/>
        <line num="268" count="0" type="stmt"/>
        <line num="270" count="0" type="stmt"/>
        <line num="273" count="0" type="cond" truecount="0" falsecount="2"/>
        <line num="274" count="0" type="stmt"/>
        <line num="277" count="0" type="cond" truecount="0" falsecount="2"/>
        <line num="278" count="0" type="stmt"/>
        <line num="281" count="0" type="cond" truecount="0" falsecount="2"/>
        <line num="282" count="0" type="cond" truecount="0" falsecount="2"/>
        <line num="285" count="0" type="cond" truecount="0" falsecount="2"/>
        <line num="286" count="0" type="cond" truecount="0" falsecount="2"/>
        <line num="291" count="0" type="stmt"/>
        <line num="295" count="0" type="stmt"/>
        <line num="303" count="0" type="stmt"/>
        <line num="305" count="0" type="stmt"/>
        <line num="306" count="0" type="stmt"/>
        <line num="307" count="0" type="stmt"/>
        <line num="309" count="0" type="cond" truecount="0" falsecount="2"/>
        <line num="310" count="0" type="cond" truecount="0" falsecount="2"/>
        <line num="312" count="0" type="cond" truecount="0" falsecount="4"/>
        <line num="313" count="0" type="stmt"/>
        <line num="314" count="0" type="cond" truecount="0" falsecount="2"/>
        <line num="315" count="0" type="cond" truecount="0" falsecount="2"/>
        <line num="318" count="0" type="cond" truecount="0" falsecount="2"/>
        <line num="319" count="0" type="stmt"/>
        <line num="320" count="0" type="stmt"/>
        <line num="327" count="0" type="stmt"/>
        <line num="329" count="0" type="stmt"/>
        <line num="344" count="0" type="stmt"/>
        <line num="351" count="0" type="stmt"/>
        <line num="356" count="0" type="stmt"/>
        <line num="357" count="0" type="stmt"/>
        <line num="372" count="0" type="cond" truecount="0" falsecount="2"/>
        <line num="373" count="0" type="stmt"/>
        <line num="376" count="0" type="stmt"/>
        <line num="378" count="0" type="stmt"/>
        <line num="383" count="0" type="stmt"/>
        <line num="384" count="0" type="stmt"/>
        <line num="385" count="0" type="stmt"/>
        <line num="388" count="0" type="stmt"/>
        <line num="389" count="0" type="stmt"/>
        <line num="390" count="0" type="cond" truecount="0" falsecount="2"/>
        <line num="391" count="0" type="stmt"/>
        <line num="392" count="0" type="stmt"/>
        <line num="393" count="0" type="stmt"/>
        <line num="396" count="0" type="stmt"/>
        <line num="397" count="0" type="stmt"/>
        <line num="399" count="0" type="stmt"/>
        <line num="400" count="0" type="cond" truecount="0" falsecount="2"/>
        <line num="401" count="0" type="stmt"/>
        <line num="405" count="0" type="stmt"/>
        <line num="412" count="0" type="cond" truecount="0" falsecount="2"/>
        <line num="413" count="0" type="stmt"/>
        <line num="416" count="0" type="cond" truecount="0" falsecount="2"/>
        <line num="417" count="0" type="stmt"/>
        <line num="420" count="0" type="stmt"/>
        <line num="426" count="0" type="stmt"/>
        <line num="431" count="0" type="cond" truecount="0" falsecount="2"/>
        <line num="432" count="0" type="stmt"/>
        <line num="434" count="0" type="stmt"/>
        <line num="439" count="0" type="stmt"/>
        <line num="440" count="0" type="stmt"/>
        <line num="442" count="0" type="stmt"/>
        <line num="443" count="0" type="cond" truecount="0" falsecount="2"/>
        <line num="444" count="0" type="stmt"/>
        <line num="447" count="0" type="stmt"/>
        <line num="453" count="0" type="stmt"/>
        <line num="455" count="0" type="stmt"/>
        <line num="460" count="0" type="stmt"/>
        <line num="461" count="0" type="stmt"/>
        <line num="462" count="0" type="stmt"/>
        <line num="471" count="0" type="stmt"/>
        <line num="485" count="0" type="stmt"/>
        <line num="512" count="0" type="cond" truecount="0" falsecount="4"/>
        <line num="514" count="0" type="stmt"/>
        <line num="528" count="0" type="stmt"/>
        <line num="532" count="1" type="stmt"/>
      </file>
    </package>
    <package name="models">
      <metrics statements="55" coveredstatements="52" conditionals="16" coveredconditionals="2" methods="9" coveredmethods="8"/>
      <file name="Booking.js" path="C:\Users\reyma\Downloads\jungle_world_resort\jwr_complete\backend\src\models\Booking.js">
        <metrics statements="3" coveredstatements="3" conditionals="0" coveredconditionals="0" methods="1" coveredmethods="1"/>
        <line num="3" count="1" type="stmt"/>
        <line num="4" count="1" type="stmt"/>
        <line num="176" count="1" type="stmt"/>
      </file>
      <file name="BookingAuditLog.js" path="C:\Users\reyma\Downloads\jungle_world_resort\jwr_complete\backend\src\models\BookingAuditLog.js">
        <metrics statements="3" coveredstatements="3" conditionals="0" coveredconditionals="0" methods="1" coveredmethods="1"/>
        <line num="3" count="1" type="stmt"/>
        <line num="4" count="1" type="stmt"/>
        <line num="69" count="1" type="stmt"/>
      </file>
      <file name="Package.js" path="C:\Users\reyma\Downloads\jungle_world_resort\jwr_complete\backend\src\models\Package.js">
        <metrics statements="3" coveredstatements="3" conditionals="0" coveredconditionals="0" methods="1" coveredmethods="1"/>
        <line num="3" count="1" type="stmt"/>
        <line num="4" count="1" type="stmt"/>
        <line num="82" count="1" type="stmt"/>
      </file>
      <file name="Payment.js" path="C:\Users\reyma\Downloads\jungle_world_resort\jwr_complete\backend\src\models\Payment.js">
        <metrics statements="3" coveredstatements="3" conditionals="0" coveredconditionals="0" methods="1" coveredmethods="1"/>
        <line num="3" count="1" type="stmt"/>
        <line num="4" count="1" type="stmt"/>
        <line num="75" count="1" type="stmt"/>
      </file>
      <file name="Review.js" path="C:\Users\reyma\Downloads\jungle_world_resort\jwr_complete\backend\src\models\Review.js">
        <metrics statements="3" coveredstatements="3" conditionals="0" coveredconditionals="0" methods="1" coveredmethods="1"/>
        <line num="3" count="1" type="stmt"/>
        <line num="4" count="1" type="stmt"/>
        <line num="84" count="1" type="stmt"/>
      </file>
      <file name="User.js" path="C:\Users\reyma\Downloads\jungle_world_resort\jwr_complete\backend\src\models\User.js">
        <metrics statements="6" coveredstatements="4" conditionals="0" coveredconditionals="0" methods="2" coveredmethods="1"/>
        <line num="3" count="1" type="stmt"/>
        <line num="4" count="1" type="stmt"/>
        <line num="90" count="1" type="stmt"/>
        <line num="91" count="0" type="stmt"/>
        <line num="92" count="0" type="stmt"/>
        <line num="95" count="1" type="stmt"/>
      </file>
      <file name="VerificationSession.js" path="C:\Users\reyma\Downloads\jungle_world_resort\jwr_complete\backend\src\models\VerificationSession.js">
        <metrics statements="3" coveredstatements="3" conditionals="0" coveredconditionals="0" methods="1" coveredmethods="1"/>
        <line num="3" count="1" type="stmt"/>
        <line num="4" count="1" type="stmt"/>
        <line num="57" count="1" type="stmt"/>
      </file>
      <file name="VerificationToken.js" path="C:\Users\reyma\Downloads\jungle_world_resort\jwr_complete\backend\src\models\VerificationToken.js">
        <metrics statements="3" coveredstatements="3" conditionals="0" coveredconditionals="0" methods="1" coveredmethods="1"/>
        <line num="10" count="1" type="stmt"/>
        <line num="11" count="1" type="stmt"/>
        <line num="59" count="1" type="stmt"/>
      </file>
      <file name="index.js" path="C:\Users\reyma\Downloads\jungle_world_resort\jwr_complete\backend\src\models\index.js">
        <metrics statements="28" coveredstatements="27" conditionals="16" coveredconditionals="2" methods="0" coveredmethods="0"/>
        <line num="3" count="1" type="stmt"/>
        <line num="4" count="1" type="stmt"/>
        <line num="9" count="1" type="cond" truecount="1" falsecount="1"/>
        <line num="10" count="1" type="stmt"/>
        <line num="27" count="0" type="stmt"/>
        <line num="41" count="1" type="stmt"/>
        <line num="42" count="1" type="stmt"/>
        <line num="43" count="1" type="stmt"/>
        <line num="44" count="1" type="stmt"/>
        <line num="45" count="1" type="stmt"/>
        <line num="46" count="1" type="stmt"/>
        <line num="47" count="1" type="stmt"/>
        <line num="48" count="1" type="stmt"/>
        <line num="53" count="1" type="stmt"/>
        <line num="54" count="1" type="stmt"/>
        <line num="57" count="1" type="stmt"/>
        <line num="58" count="1" type="stmt"/>
        <line num="61" count="1" type="stmt"/>
        <line num="62" count="1" type="stmt"/>
        <line num="65" count="1" type="stmt"/>
        <line num="66" count="1" type="stmt"/>
        <line num="69" count="1" type="stmt"/>
        <line num="70" count="1" type="stmt"/>
        <line num="73" count="1" type="stmt"/>
        <line num="74" count="1" type="stmt"/>
        <line num="77" count="1" type="stmt"/>
        <line num="78" count="1" type="stmt"/>
        <line num="81" count="1" type="stmt"/>
      </file>
    </package>
  </project>
</coverage>
