{"C:\\Users\\reyma\\Downloads\\jungle_world_resort\\jwr_complete\\backend\\src\\controllers\\adminController.js": {"path":"C:\\Users\\reyma\\Downloads\\jungle_world_resort\\jwr_complete\\backend\\src\\controllers\\adminController.js","statementMap":{"0":{"start":{"line":3,"column":15},"end":{"line":3,"column":35}},"1":{"start":{"line":4,"column":74},"end":{"line":4,"column":94}},"2":{"start":{"line":6,"column":25},"end":{"line":13,"column":2}},"3":{"start":{"line":15,"column":25},"end":{"line":21,"column":2}},"4":{"start":{"line":23,"column":24},"end":{"line":29,"column":2}},"5":{"start":{"line":31,"column":21},"end":{"line":36,"column":2}},"6":{"start":{"line":38,"column":28},"end":{"line":51,"column":1}},"7":{"start":{"line":54,"column":14},"end":{"line":63,"column":3}},"8":{"start":{"line":64,"column":2},"end":{"line":64,"column":39}},"9":{"start":{"line":68,"column":14},"end":{"line":77,"column":3}},"10":{"start":{"line":78,"column":2},"end":{"line":78,"column":29}},"11":{"start":{"line":82,"column":2},"end":{"line":86,"column":4}},"12":{"start":{"line":90,"column":16},"end":{"line":90,"column":30}},"13":{"start":{"line":91,"column":20},"end":{"line":93,"column":32}},"14":{"start":{"line":95,"column":2},"end":{"line":101,"column":4}},"15":{"start":{"line":105,"column":2},"end":{"line":105,"column":77}},"16":{"start":{"line":105,"column":61},"end":{"line":105,"column":77}},"17":{"start":{"line":106,"column":17},"end":{"line":106,"column":41}},"18":{"start":{"line":107,"column":2},"end":{"line":107,"column":53}},"19":{"start":{"line":111,"column":2},"end":{"line":111,"column":47}},"20":{"start":{"line":115,"column":2},"end":{"line":115,"column":70}},"21":{"start":{"line":115,"column":61},"end":{"line":115,"column":70}},"22":{"start":{"line":116,"column":17},"end":{"line":116,"column":41}},"23":{"start":{"line":117,"column":2},"end":{"line":121,"column":3}},"24":{"start":{"line":118,"column":18},"end":{"line":118,"column":65}},"25":{"start":{"line":119,"column":4},"end":{"line":119,"column":23}},"26":{"start":{"line":120,"column":4},"end":{"line":120,"column":16}},"27":{"start":{"line":122,"column":2},"end":{"line":122,"column":23}},"28":{"start":{"line":126,"column":2},"end":{"line":126,"column":73}},"29":{"start":{"line":126,"column":61},"end":{"line":126,"column":73}},"30":{"start":{"line":127,"column":2},"end":{"line":127,"column":62}},"31":{"start":{"line":127,"column":31},"end":{"line":127,"column":62}},"32":{"start":{"line":128,"column":2},"end":{"line":128,"column":23}},"33":{"start":{"line":132,"column":2},"end":{"line":132,"column":67}},"34":{"start":{"line":132,"column":31},"end":{"line":132,"column":67}},"35":{"start":{"line":133,"column":18},"end":{"line":133,"column":80}},"36":{"start":{"line":134,"column":19},"end":{"line":134,"column":84}},"37":{"start":{"line":135,"column":2},"end":{"line":135,"column":30}},"38":{"start":{"line":139,"column":24},"end":{"line":139,"column":58}},"39":{"start":{"line":140,"column":21},"end":{"line":140,"column":46}},"40":{"start":{"line":141,"column":21},"end":{"line":141,"column":46}},"41":{"start":{"line":142,"column":23},"end":{"line":142,"column":50}},"42":{"start":{"line":144,"column":2},"end":{"line":144,"column":53}},"43":{"start":{"line":144,"column":35},"end":{"line":144,"column":53}},"44":{"start":{"line":145,"column":2},"end":{"line":145,"column":55}},"45":{"start":{"line":145,"column":37},"end":{"line":145,"column":55}},"46":{"start":{"line":146,"column":2},"end":{"line":149,"column":3}},"47":{"start":{"line":147,"column":24},"end":{"line":147,"column":64}},"48":{"start":{"line":148,"column":4},"end":{"line":148,"column":51}},"49":{"start":{"line":150,"column":2},"end":{"line":150,"column":11}},"50":{"start":{"line":154,"column":16},"end":{"line":154,"column":90}},"51":{"start":{"line":155,"column":2},"end":{"line":155,"column":36}},"52":{"start":{"line":159,"column":25},"end":{"line":161,"column":3}},"53":{"start":{"line":160,"column":13},"end":{"line":160,"column":65}},"54":{"start":{"line":163,"column":2},"end":{"line":163,"column":38}},"55":{"start":{"line":163,"column":23},"end":{"line":163,"column":38}},"56":{"start":{"line":165,"column":15},"end":{"line":165,"column":29}},"57":{"start":{"line":166,"column":21},"end":{"line":166,"column":47}},"58":{"start":{"line":167,"column":32},"end":{"line":167,"column":67}},"59":{"start":{"line":168,"column":28},"end":{"line":168,"column":72}},"60":{"start":{"line":169,"column":19},"end":{"line":171,"column":32}},"61":{"start":{"line":172,"column":21},"end":{"line":174,"column":34}},"62":{"start":{"line":176,"column":2},"end":{"line":195,"column":3}},"63":{"start":{"line":177,"column":4},"end":{"line":177,"column":19}},"64":{"start":{"line":178,"column":4},"end":{"line":178,"column":21}},"65":{"start":{"line":179,"column":9},"end":{"line":195,"column":3}},"66":{"start":{"line":180,"column":4},"end":{"line":180,"column":50}},"67":{"start":{"line":181,"column":4},"end":{"line":181,"column":21}},"68":{"start":{"line":182,"column":9},"end":{"line":195,"column":3}},"69":{"start":{"line":183,"column":4},"end":{"line":183,"column":28}},"70":{"start":{"line":184,"column":4},"end":{"line":184,"column":21}},"71":{"start":{"line":185,"column":9},"end":{"line":195,"column":3}},"72":{"start":{"line":186,"column":4},"end":{"line":186,"column":80}},"73":{"start":{"line":187,"column":4},"end":{"line":193,"column":5}},"74":{"start":{"line":192,"column":6},"end":{"line":192,"column":32}},"75":{"start":{"line":194,"column":4},"end":{"line":194,"column":54}},"76":{"start":{"line":197,"column":25},"end":{"line":199,"column":16}},"77":{"start":{"line":201,"column":2},"end":{"line":201,"column":39}},"78":{"start":{"line":202,"column":2},"end":{"line":202,"column":43}},"79":{"start":{"line":203,"column":2},"end":{"line":203,"column":69}},"80":{"start":{"line":205,"column":2},"end":{"line":205,"column":14}},"81":{"start":{"line":209,"column":18},"end":{"line":209,"column":20}},"82":{"start":{"line":210,"column":17},"end":{"line":210,"column":41}},"83":{"start":{"line":211,"column":16},"end":{"line":211,"column":49}},"84":{"start":{"line":213,"column":2},"end":{"line":237,"column":3}},"85":{"start":{"line":214,"column":21},"end":{"line":214,"column":35}},"86":{"start":{"line":215,"column":4},"end":{"line":215,"column":57}},"87":{"start":{"line":215,"column":48},"end":{"line":215,"column":57}},"88":{"start":{"line":217,"column":4},"end":{"line":236,"column":7}},"89":{"start":{"line":239,"column":2},"end":{"line":239,"column":17}},"90":{"start":{"line":243,"column":18},"end":{"line":243,"column":20}},"91":{"start":{"line":245,"column":2},"end":{"line":252,"column":3}},"92":{"start":{"line":246,"column":4},"end":{"line":250,"column":5}},"93":{"start":{"line":247,"column":20},"end":{"line":247,"column":55}},"94":{"start":{"line":248,"column":6},"end":{"line":248,"column":25}},"95":{"start":{"line":249,"column":6},"end":{"line":249,"column":18}},"96":{"start":{"line":251,"column":4},"end":{"line":251,"column":37}},"97":{"start":{"line":254,"column":2},"end":{"line":261,"column":3}},"98":{"start":{"line":255,"column":4},"end":{"line":259,"column":5}},"99":{"start":{"line":256,"column":20},"end":{"line":256,"column":55}},"100":{"start":{"line":257,"column":6},"end":{"line":257,"column":25}},"101":{"start":{"line":258,"column":6},"end":{"line":258,"column":18}},"102":{"start":{"line":260,"column":4},"end":{"line":260,"column":53}},"103":{"start":{"line":263,"column":2},"end":{"line":271,"column":3}},"104":{"start":{"line":264,"column":19},"end":{"line":264,"column":50}},"105":{"start":{"line":265,"column":4},"end":{"line":269,"column":5}},"106":{"start":{"line":266,"column":20},"end":{"line":266,"column":55}},"107":{"start":{"line":267,"column":6},"end":{"line":267,"column":25}},"108":{"start":{"line":268,"column":6},"end":{"line":268,"column":18}},"109":{"start":{"line":270,"column":4},"end":{"line":270,"column":36}},"110":{"start":{"line":273,"column":2},"end":{"line":275,"column":3}},"111":{"start":{"line":274,"column":4},"end":{"line":274,"column":80}},"112":{"start":{"line":277,"column":2},"end":{"line":279,"column":3}},"113":{"start":{"line":278,"column":4},"end":{"line":278,"column":86}},"114":{"start":{"line":281,"column":2},"end":{"line":283,"column":3}},"115":{"start":{"line":282,"column":4},"end":{"line":282,"column":94}},"116":{"start":{"line":285,"column":2},"end":{"line":289,"column":3}},"117":{"start":{"line":286,"column":4},"end":{"line":288,"column":45}},"118":{"start":{"line":291,"column":2},"end":{"line":291,"column":17}},"119":{"start":{"line":295,"column":2},"end":{"line":352,"column":3}},"120":{"start":{"line":303,"column":8},"end":{"line":303,"column":17}},"121":{"start":{"line":305,"column":18},"end":{"line":305,"column":20}},"122":{"start":{"line":306,"column":19},"end":{"line":306,"column":51}},"123":{"start":{"line":307,"column":18},"end":{"line":307,"column":20}},"124":{"start":{"line":309,"column":4},"end":{"line":309,"column":38}},"125":{"start":{"line":309,"column":16},"end":{"line":309,"column":38}},"126":{"start":{"line":310,"column":4},"end":{"line":310,"column":50}},"127":{"start":{"line":310,"column":18},"end":{"line":310,"column":50}},"128":{"start":{"line":312,"column":4},"end":{"line":316,"column":5}},"129":{"start":{"line":313,"column":6},"end":{"line":313,"column":31}},"130":{"start":{"line":314,"column":6},"end":{"line":314,"column":61}},"131":{"start":{"line":314,"column":21},"end":{"line":314,"column":61}},"132":{"start":{"line":315,"column":6},"end":{"line":315,"column":57}},"133":{"start":{"line":315,"column":19},"end":{"line":315,"column":57}},"134":{"start":{"line":318,"column":4},"end":{"line":325,"column":5}},"135":{"start":{"line":319,"column":19},"end":{"line":319,"column":48}},"136":{"start":{"line":320,"column":6},"end":{"line":324,"column":8}},"137":{"start":{"line":327,"column":18},"end":{"line":327,"column":48}},"138":{"start":{"line":329,"column":17},"end":{"line":342,"column":6}},"139":{"start":{"line":344,"column":4},"end":{"line":349,"column":7}},"140":{"start":{"line":351,"column":4},"end":{"line":351,"column":14}},"141":{"start":{"line":356,"column":2},"end":{"line":379,"column":3}},"142":{"start":{"line":357,"column":20},"end":{"line":370,"column":6}},"143":{"start":{"line":372,"column":4},"end":{"line":374,"column":5}},"144":{"start":{"line":373,"column":6},"end":{"line":373,"column":66}},"145":{"start":{"line":376,"column":4},"end":{"line":376,"column":33}},"146":{"start":{"line":378,"column":4},"end":{"line":378,"column":14}},"147":{"start":{"line":383,"column":2},"end":{"line":435,"column":3}},"148":{"start":{"line":384,"column":29},"end":{"line":384,"column":55}},"149":{"start":{"line":385,"column":18},"end":{"line":385,"column":39}},"150":{"start":{"line":388,"column":4},"end":{"line":424,"column":7}},"151":{"start":{"line":389,"column":22},"end":{"line":389,"column":76}},"152":{"start":{"line":390,"column":6},"end":{"line":394,"column":7}},"153":{"start":{"line":391,"column":22},"end":{"line":391,"column":52}},"154":{"start":{"line":392,"column":8},"end":{"line":392,"column":27}},"155":{"start":{"line":393,"column":8},"end":{"line":393,"column":20}},"156":{"start":{"line":396,"column":32},"end":{"line":396,"column":76}},"157":{"start":{"line":397,"column":29},"end":{"line":397,"column":31}},"158":{"start":{"line":399,"column":6},"end":{"line":403,"column":7}},"159":{"start":{"line":400,"column":8},"end":{"line":402,"column":9}},"160":{"start":{"line":401,"column":10},"end":{"line":401,"column":40}},"161":{"start":{"line":405,"column":27},"end":{"line":410,"column":8}},"162":{"start":{"line":412,"column":6},"end":{"line":414,"column":7}},"163":{"start":{"line":413,"column":8},"end":{"line":413,"column":62}},"164":{"start":{"line":416,"column":6},"end":{"line":418,"column":7}},"165":{"start":{"line":417,"column":8},"end":{"line":417,"column":72}},"166":{"start":{"line":420,"column":6},"end":{"line":423,"column":9}},"167":{"start":{"line":426,"column":4},"end":{"line":429,"column":7}},"168":{"start":{"line":431,"column":4},"end":{"line":433,"column":5}},"169":{"start":{"line":432,"column":6},"end":{"line":432,"column":65}},"170":{"start":{"line":434,"column":4},"end":{"line":434,"column":14}},"171":{"start":{"line":439,"column":2},"end":{"line":456,"column":3}},"172":{"start":{"line":440,"column":19},"end":{"line":440,"column":29}},"173":{"start":{"line":442,"column":19},"end":{"line":442,"column":57}},"174":{"start":{"line":443,"column":4},"end":{"line":445,"column":5}},"175":{"start":{"line":444,"column":6},"end":{"line":444,"column":66}},"176":{"start":{"line":447,"column":17},"end":{"line":451,"column":6}},"177":{"start":{"line":453,"column":4},"end":{"line":453,"column":30}},"178":{"start":{"line":455,"column":4},"end":{"line":455,"column":14}},"179":{"start":{"line":460,"column":2},"end":{"line":529,"column":3}},"180":{"start":{"line":461,"column":16},"end":{"line":461,"column":26}},"181":{"start":{"line":462,"column":23},"end":{"line":462,"column":69}},"182":{"start":{"line":471,"column":8},"end":{"line":483,"column":6}},"183":{"start":{"line":485,"column":20},"end":{"line":510,"column":5}},"184":{"start":{"line":512,"column":23},"end":{"line":512,"column":76}},"185":{"start":{"line":514,"column":4},"end":{"line":526,"column":7}},"186":{"start":{"line":528,"column":4},"end":{"line":528,"column":14}},"187":{"start":{"line":532,"column":0},"end":{"line":539,"column":2}}},"fnMap":{"0":{"name":"fieldToAction","decl":{"start":{"line":53,"column":9},"end":{"line":53,"column":22}},"loc":{"start":{"line":53,"column":30},"end":{"line":65,"column":1}},"line":53},"1":{"name":"fieldLabel","decl":{"start":{"line":67,"column":9},"end":{"line":67,"column":19}},"loc":{"start":{"line":67,"column":27},"end":{"line":79,"column":1}},"line":67},"2":{"name":"getClientIp","decl":{"start":{"line":81,"column":9},"end":{"line":81,"column":20}},"loc":{"start":{"line":81,"column":26},"end":{"line":87,"column":1}},"line":81},"3":{"name":"actorFromRequest","decl":{"start":{"line":89,"column":9},"end":{"line":89,"column":25}},"loc":{"start":{"line":89,"column":31},"end":{"line":102,"column":1}},"line":89},"4":{"name":"toAmount","decl":{"start":{"line":104,"column":9},"end":{"line":104,"column":17}},"loc":{"start":{"line":104,"column":39},"end":{"line":108,"column":1}},"line":104},"5":{"name":"money","decl":{"start":{"line":110,"column":9},"end":{"line":110,"column":14}},"loc":{"start":{"line":110,"column":22},"end":{"line":112,"column":1}},"line":110},"6":{"name":"parseAmountInput","decl":{"start":{"line":114,"column":9},"end":{"line":114,"column":25}},"loc":{"start":{"line":114,"column":40},"end":{"line":123,"column":1}},"line":114},"7":{"name":"normalizeAuditValue","decl":{"start":{"line":125,"column":9},"end":{"line":125,"column":28}},"loc":{"start":{"line":125,"column":43},"end":{"line":129,"column":1}},"line":125},"8":{"name":"valuesMatch","decl":{"start":{"line":131,"column":9},"end":{"line":131,"column":20}},"loc":{"start":{"line":131,"column":41},"end":{"line":136,"column":1}},"line":131},"9":{"name":"paymentRevenueFromValues","decl":{"start":{"line":138,"column":9},"end":{"line":138,"column":33}},"loc":{"start":{"line":138,"column":42},"end":{"line":151,"column":1}},"line":138},"10":{"name":"bookingSnapshot","decl":{"start":{"line":153,"column":9},"end":{"line":153,"column":24}},"loc":{"start":{"line":153,"column":50},"end":{"line":156,"column":1}},"line":153},"11":{"name":"applyPaymentRules","decl":{"start":{"line":158,"column":9},"end":{"line":158,"column":26}},"loc":{"start":{"line":158,"column":45},"end":{"line":206,"column":1}},"line":158},"12":{"name":"(anonymous_12)","decl":{"start":{"line":160,"column":4},"end":{"line":160,"column":5}},"loc":{"start":{"line":160,"column":13},"end":{"line":160,"column":65}},"line":160},"13":{"name":"auditEntriesForChanges","decl":{"start":{"line":208,"column":9},"end":{"line":208,"column":31}},"loc":{"start":{"line":208,"column":66},"end":{"line":240,"column":1}},"line":208},"14":{"name":"buildRequestedUpdates","decl":{"start":{"line":242,"column":9},"end":{"line":242,"column":30}},"loc":{"start":{"line":242,"column":36},"end":{"line":292,"column":1}},"line":242},"15":{"name":"getBookings","decl":{"start":{"line":294,"column":15},"end":{"line":294,"column":26}},"loc":{"start":{"line":294,"column":43},"end":{"line":353,"column":1}},"line":294},"16":{"name":"getBookingById","decl":{"start":{"line":355,"column":15},"end":{"line":355,"column":29}},"loc":{"start":{"line":355,"column":46},"end":{"line":380,"column":1}},"line":355},"17":{"name":"updateBooking","decl":{"start":{"line":382,"column":15},"end":{"line":382,"column":28}},"loc":{"start":{"line":382,"column":45},"end":{"line":436,"column":1}},"line":382},"18":{"name":"(anonymous_18)","decl":{"start":{"line":388,"column":32},"end":{"line":388,"column":33}},"loc":{"start":{"line":388,"column":55},"end":{"line":424,"column":5}},"line":388},"19":{"name":"getAuditLogs","decl":{"start":{"line":438,"column":15},"end":{"line":438,"column":27}},"loc":{"start":{"line":438,"column":44},"end":{"line":457,"column":1}},"line":438},"20":{"name":"getDashboardStats","decl":{"start":{"line":459,"column":15},"end":{"line":459,"column":32}},"loc":{"start":{"line":459,"column":49},"end":{"line":530,"column":1}},"line":459}},"branchMap":{"0":{"loc":{"start":{"line":64,"column":9},"end":{"line":64,"column":38}},"type":"binary-expr","locations":[{"start":{"line":64,"column":9},"end":{"line":64,"column":19}},{"start":{"line":64,"column":23},"end":{"line":64,"column":38}}],"line":64},"1":{"loc":{"start":{"line":78,"column":9},"end":{"line":78,"column":28}},"type":"binary-expr","locations":[{"start":{"line":78,"column":9},"end":{"line":78,"column":19}},{"start":{"line":78,"column":23},"end":{"line":78,"column":28}}],"line":78},"2":{"loc":{"start":{"line":83,"column":4},"end":{"line":85,"column":8}},"type":"binary-expr","locations":[{"start":{"line":83,"column":4},"end":{"line":83,"column":63}},{"start":{"line":84,"column":4},"end":{"line":84,"column":29}},{"start":{"line":85,"column":4},"end":{"line":85,"column":8}}],"line":83},"3":{"loc":{"start":{"line":83,"column":5},"end":{"line":83,"column":41}},"type":"binary-expr","locations":[{"start":{"line":83,"column":5},"end":{"line":83,"column":35}},{"start":{"line":83,"column":39},"end":{"line":83,"column":41}}],"line":83},"4":{"loc":{"start":{"line":90,"column":16},"end":{"line":90,"column":30}},"type":"binary-expr","locations":[{"start":{"line":90,"column":16},"end":{"line":90,"column":24}},{"start":{"line":90,"column":28},"end":{"line":90,"column":30}}],"line":90},"5":{"loc":{"start":{"line":91,"column":20},"end":{"line":93,"column":32}},"type":"cond-expr","locations":[{"start":{"line":92,"column":6},"end":{"line":92,"column":59}},{"start":{"line":93,"column":7},"end":{"line":93,"column":31}}],"line":91},"6":{"loc":{"start":{"line":92,"column":29},"end":{"line":92,"column":50}},"type":"binary-expr","locations":[{"start":{"line":92,"column":29},"end":{"line":92,"column":44}},{"start":{"line":92,"column":48},"end":{"line":92,"column":50}}],"line":92},"7":{"loc":{"start":{"line":93,"column":7},"end":{"line":93,"column":31}},"type":"binary-expr","locations":[{"start":{"line":93,"column":7},"end":{"line":93,"column":18}},{"start":{"line":93,"column":22},"end":{"line":93,"column":31}}],"line":93},"8":{"loc":{"start":{"line":97,"column":19},"end":{"line":97,"column":40}},"type":"binary-expr","locations":[{"start":{"line":97,"column":19},"end":{"line":97,"column":29}},{"start":{"line":97,"column":33},"end":{"line":97,"column":40}}],"line":97},"9":{"loc":{"start":{"line":98,"column":17},"end":{"line":98,"column":33}},"type":"binary-expr","locations":[{"start":{"line":98,"column":17},"end":{"line":98,"column":25}},{"start":{"line":98,"column":29},"end":{"line":98,"column":33}}],"line":98},"10":{"loc":{"start":{"line":100,"column":15},"end":{"line":100,"column":48}},"type":"binary-expr","locations":[{"start":{"line":100,"column":15},"end":{"line":100,"column":40}},{"start":{"line":100,"column":44},"end":{"line":100,"column":48}}],"line":100},"11":{"loc":{"start":{"line":104,"column":25},"end":{"line":104,"column":37}},"type":"default-arg","locations":[{"start":{"line":104,"column":36},"end":{"line":104,"column":37}}],"line":104},"12":{"loc":{"start":{"line":105,"column":2},"end":{"line":105,"column":77}},"type":"if","locations":[{"start":{"line":105,"column":2},"end":{"line":105,"column":77}},{"start":{},"end":{}}],"line":105},"13":{"loc":{"start":{"line":105,"column":6},"end":{"line":105,"column":59}},"type":"binary-expr","locations":[{"start":{"line":105,"column":6},"end":{"line":105,"column":20}},{"start":{"line":105,"column":24},"end":{"line":105,"column":43}},{"start":{"line":105,"column":47},"end":{"line":105,"column":59}}],"line":105},"14":{"loc":{"start":{"line":107,"column":9},"end":{"line":107,"column":52}},"type":"cond-expr","locations":[{"start":{"line":107,"column":35},"end":{"line":107,"column":41}},{"start":{"line":107,"column":44},"end":{"line":107,"column":52}}],"line":107},"15":{"loc":{"start":{"line":115,"column":2},"end":{"line":115,"column":70}},"type":"if","locations":[{"start":{"line":115,"column":2},"end":{"line":115,"column":70}},{"start":{},"end":{}}],"line":115},"16":{"loc":{"start":{"line":115,"column":6},"end":{"line":115,"column":59}},"type":"binary-expr","locations":[{"start":{"line":115,"column":6},"end":{"line":115,"column":20}},{"start":{"line":115,"column":24},"end":{"line":115,"column":43}},{"start":{"line":115,"column":47},"end":{"line":115,"column":59}}],"line":115},"17":{"loc":{"start":{"line":117,"column":2},"end":{"line":121,"column":3}},"type":"if","locations":[{"start":{"line":117,"column":2},"end":{"line":121,"column":3}},{"start":{},"end":{}}],"line":117},"18":{"loc":{"start":{"line":117,"column":6},"end":{"line":117,"column":44}},"type":"binary-expr","locations":[{"start":{"line":117,"column":6},"end":{"line":117,"column":30}},{"start":{"line":117,"column":34},"end":{"line":117,"column":44}}],"line":117},"19":{"loc":{"start":{"line":126,"column":2},"end":{"line":126,"column":73}},"type":"if","locations":[{"start":{"line":126,"column":2},"end":{"line":126,"column":73}},{"start":{},"end":{}}],"line":126},"20":{"loc":{"start":{"line":126,"column":6},"end":{"line":126,"column":59}},"type":"binary-expr","locations":[{"start":{"line":126,"column":6},"end":{"line":126,"column":20}},{"start":{"line":126,"column":24},"end":{"line":126,"column":43}},{"start":{"line":126,"column":47},"end":{"line":126,"column":59}}],"line":126},"21":{"loc":{"start":{"line":127,"column":2},"end":{"line":127,"column":62}},"type":"if","locations":[{"start":{"line":127,"column":2},"end":{"line":127,"column":62}},{"start":{},"end":{}}],"line":127},"22":{"loc":{"start":{"line":132,"column":2},"end":{"line":132,"column":67}},"type":"if","locations":[{"start":{"line":132,"column":2},"end":{"line":132,"column":67}},{"start":{},"end":{}}],"line":132},"23":{"loc":{"start":{"line":133,"column":18},"end":{"line":133,"column":80}},"type":"cond-expr","locations":[{"start":{"line":133,"column":56},"end":{"line":133,"column":75}},{"start":{"line":133,"column":78},"end":{"line":133,"column":80}}],"line":133},"24":{"loc":{"start":{"line":133,"column":18},"end":{"line":133,"column":53}},"type":"binary-expr","locations":[{"start":{"line":133,"column":18},"end":{"line":133,"column":31}},{"start":{"line":133,"column":35},"end":{"line":133,"column":53}}],"line":133},"25":{"loc":{"start":{"line":134,"column":19},"end":{"line":134,"column":84}},"type":"cond-expr","locations":[{"start":{"line":134,"column":59},"end":{"line":134,"column":79}},{"start":{"line":134,"column":82},"end":{"line":134,"column":84}}],"line":134},"26":{"loc":{"start":{"line":134,"column":19},"end":{"line":134,"column":56}},"type":"binary-expr","locations":[{"start":{"line":134,"column":19},"end":{"line":134,"column":33}},{"start":{"line":134,"column":37},"end":{"line":134,"column":56}}],"line":134},"27":{"loc":{"start":{"line":139,"column":24},"end":{"line":139,"column":58}},"type":"binary-expr","locations":[{"start":{"line":139,"column":24},"end":{"line":139,"column":45}},{"start":{"line":139,"column":49},"end":{"line":139,"column":58}}],"line":139},"28":{"loc":{"start":{"line":144,"column":2},"end":{"line":144,"column":53}},"type":"if","locations":[{"start":{"line":144,"column":2},"end":{"line":144,"column":53}},{"start":{},"end":{}}],"line":144},"29":{"loc":{"start":{"line":145,"column":2},"end":{"line":145,"column":55}},"type":"if","locations":[{"start":{"line":145,"column":2},"end":{"line":145,"column":55}},{"start":{},"end":{}}],"line":145},"30":{"loc":{"start":{"line":146,"column":2},"end":{"line":149,"column":3}},"type":"if","locations":[{"start":{"line":146,"column":2},"end":{"line":149,"column":3}},{"start":{},"end":{}}],"line":146},"31":{"loc":{"start":{"line":147,"column":24},"end":{"line":147,"column":64}},"type":"cond-expr","locations":[{"start":{"line":147,"column":41},"end":{"line":147,"column":51}},{"start":{"line":147,"column":54},"end":{"line":147,"column":64}}],"line":147},"32":{"loc":{"start":{"line":153,"column":34},"end":{"line":153,"column":48}},"type":"default-arg","locations":[{"start":{"line":153,"column":46},"end":{"line":153,"column":48}}],"line":153},"33":{"loc":{"start":{"line":154,"column":16},"end":{"line":154,"column":90}},"type":"cond-expr","locations":[{"start":{"line":154,"column":52},"end":{"line":154,"column":80}},{"start":{"line":154,"column":83},"end":{"line":154,"column":90}}],"line":154},"34":{"loc":{"start":{"line":163,"column":2},"end":{"line":163,"column":38}},"type":"if","locations":[{"start":{"line":163,"column":2},"end":{"line":163,"column":38}},{"start":{},"end":{}}],"line":163},"35":{"loc":{"start":{"line":167,"column":32},"end":{"line":167,"column":67}},"type":"binary-expr","locations":[{"start":{"line":167,"column":32},"end":{"line":167,"column":54}},{"start":{"line":167,"column":58},"end":{"line":167,"column":67}}],"line":167},"36":{"loc":{"start":{"line":168,"column":28},"end":{"line":168,"column":72}},"type":"binary-expr","locations":[{"start":{"line":168,"column":28},"end":{"line":168,"column":47}},{"start":{"line":168,"column":51},"end":{"line":168,"column":72}}],"line":168},"37":{"loc":{"start":{"line":169,"column":19},"end":{"line":171,"column":32}},"type":"cond-expr","locations":[{"start":{"line":170,"column":6},"end":{"line":170,"column":29}},{"start":{"line":171,"column":6},"end":{"line":171,"column":32}}],"line":169},"38":{"loc":{"start":{"line":172,"column":21},"end":{"line":174,"column":34}},"type":"cond-expr","locations":[{"start":{"line":173,"column":6},"end":{"line":173,"column":31}},{"start":{"line":174,"column":6},"end":{"line":174,"column":34}}],"line":172},"39":{"loc":{"start":{"line":176,"column":2},"end":{"line":195,"column":3}},"type":"if","locations":[{"start":{"line":176,"column":2},"end":{"line":195,"column":3}},{"start":{"line":179,"column":9},"end":{"line":195,"column":3}}],"line":176},"40":{"loc":{"start":{"line":176,"column":6},"end":{"line":176,"column":71}},"type":"binary-expr","locations":[{"start":{"line":176,"column":6},"end":{"line":176,"column":37}},{"start":{"line":176,"column":41},"end":{"line":176,"column":71}}],"line":176},"41":{"loc":{"start":{"line":179,"column":9},"end":{"line":195,"column":3}},"type":"if","locations":[{"start":{"line":179,"column":9},"end":{"line":195,"column":3}},{"start":{"line":182,"column":9},"end":{"line":195,"column":3}}],"line":179},"42":{"loc":{"start":{"line":182,"column":9},"end":{"line":195,"column":3}},"type":"if","locations":[{"start":{"line":182,"column":9},"end":{"line":195,"column":3}},{"start":{"line":185,"column":9},"end":{"line":195,"column":3}}],"line":182},"43":{"loc":{"start":{"line":185,"column":9},"end":{"line":195,"column":3}},"type":"if","locations":[{"start":{"line":185,"column":9},"end":{"line":195,"column":3}},{"start":{},"end":{}}],"line":185},"44":{"loc":{"start":{"line":186,"column":17},"end":{"line":186,"column":79}},"type":"cond-expr","locations":[{"start":{"line":186,"column":34},"end":{"line":186,"column":66}},{"start":{"line":186,"column":69},"end":{"line":186,"column":79}}],"line":186},"45":{"loc":{"start":{"line":187,"column":4},"end":{"line":193,"column":5}},"type":"if","locations":[{"start":{"line":187,"column":4},"end":{"line":193,"column":5}},{"start":{},"end":{}}],"line":187},"46":{"loc":{"start":{"line":188,"column":6},"end":{"line":190,"column":40}},"type":"binary-expr","locations":[{"start":{"line":188,"column":6},"end":{"line":188,"column":42}},{"start":{"line":189,"column":6},"end":{"line":189,"column":24}},{"start":{"line":190,"column":6},"end":{"line":190,"column":40}}],"line":188},"47":{"loc":{"start":{"line":197,"column":25},"end":{"line":199,"column":16}},"type":"cond-expr","locations":[{"start":{"line":198,"column":6},"end":{"line":198,"column":44}},{"start":{"line":199,"column":6},"end":{"line":199,"column":16}}],"line":197},"48":{"loc":{"start":{"line":215,"column":4},"end":{"line":215,"column":57}},"type":"if","locations":[{"start":{"line":215,"column":4},"end":{"line":215,"column":57}},{"start":{},"end":{}}],"line":215},"49":{"loc":{"start":{"line":245,"column":2},"end":{"line":252,"column":3}},"type":"if","locations":[{"start":{"line":245,"column":2},"end":{"line":252,"column":3}},{"start":{},"end":{}}],"line":245},"50":{"loc":{"start":{"line":246,"column":4},"end":{"line":250,"column":5}},"type":"if","locations":[{"start":{"line":246,"column":4},"end":{"line":250,"column":5}},{"start":{},"end":{}}],"line":246},"51":{"loc":{"start":{"line":254,"column":2},"end":{"line":261,"column":3}},"type":"if","locations":[{"start":{"line":254,"column":2},"end":{"line":261,"column":3}},{"start":{},"end":{}}],"line":254},"52":{"loc":{"start":{"line":255,"column":4},"end":{"line":259,"column":5}},"type":"if","locations":[{"start":{"line":255,"column":4},"end":{"line":259,"column":5}},{"start":{},"end":{}}],"line":255},"53":{"loc":{"start":{"line":263,"column":2},"end":{"line":271,"column":3}},"type":"if","locations":[{"start":{"line":263,"column":2},"end":{"line":271,"column":3}},{"start":{},"end":{}}],"line":263},"54":{"loc":{"start":{"line":264,"column":19},"end":{"line":264,"column":50}},"type":"binary-expr","locations":[{"start":{"line":264,"column":19},"end":{"line":264,"column":42}},{"start":{"line":264,"column":46},"end":{"line":264,"column":50}}],"line":264},"55":{"loc":{"start":{"line":265,"column":4},"end":{"line":269,"column":5}},"type":"if","locations":[{"start":{"line":265,"column":4},"end":{"line":269,"column":5}},{"start":{},"end":{}}],"line":265},"56":{"loc":{"start":{"line":265,"column":8},"end":{"line":265,"column":55}},"type":"binary-expr","locations":[{"start":{"line":265,"column":8},"end":{"line":265,"column":23}},{"start":{"line":265,"column":27},"end":{"line":265,"column":55}}],"line":265},"57":{"loc":{"start":{"line":273,"column":2},"end":{"line":275,"column":3}},"type":"if","locations":[{"start":{"line":273,"column":2},"end":{"line":275,"column":3}},{"start":{},"end":{}}],"line":273},"58":{"loc":{"start":{"line":277,"column":2},"end":{"line":279,"column":3}},"type":"if","locations":[{"start":{"line":277,"column":2},"end":{"line":279,"column":3}},{"start":{},"end":{}}],"line":277},"59":{"loc":{"start":{"line":281,"column":2},"end":{"line":283,"column":3}},"type":"if","locations":[{"start":{"line":281,"column":2},"end":{"line":283,"column":3}},{"start":{},"end":{}}],"line":281},"60":{"loc":{"start":{"line":282,"column":26},"end":{"line":282,"column":93}},"type":"cond-expr","locations":[{"start":{"line":282,"column":58},"end":{"line":282,"column":62}},{"start":{"line":282,"column":65},"end":{"line":282,"column":93}}],"line":282},"61":{"loc":{"start":{"line":285,"column":2},"end":{"line":289,"column":3}},"type":"if","locations":[{"start":{"line":285,"column":2},"end":{"line":289,"column":3}},{"start":{},"end":{}}],"line":285},"62":{"loc":{"start":{"line":286,"column":34},"end":{"line":288,"column":44}},"type":"cond-expr","locations":[{"start":{"line":287,"column":8},"end":{"line":287,"column":12}},{"start":{"line":288,"column":8},"end":{"line":288,"column":44}}],"line":286},"63":{"loc":{"start":{"line":302,"column":6},"end":{"line":302,"column":14}},"type":"default-arg","locations":[{"start":{"line":302,"column":13},"end":{"line":302,"column":14}}],"line":302},"64":{"loc":{"start":{"line":309,"column":4},"end":{"line":309,"column":38}},"type":"if","locations":[{"start":{"line":309,"column":4},"end":{"line":309,"column":38}},{"start":{},"end":{}}],"line":309},"65":{"loc":{"start":{"line":310,"column":4},"end":{"line":310,"column":50}},"type":"if","locations":[{"start":{"line":310,"column":4},"end":{"line":310,"column":50}},{"start":{},"end":{}}],"line":310},"66":{"loc":{"start":{"line":312,"column":4},"end":{"line":316,"column":5}},"type":"if","locations":[{"start":{"line":312,"column":4},"end":{"line":316,"column":5}},{"start":{},"end":{}}],"line":312},"67":{"loc":{"start":{"line":312,"column":8},"end":{"line":312,"column":28}},"type":"binary-expr","locations":[{"start":{"line":312,"column":8},"end":{"line":312,"column":17}},{"start":{"line":312,"column":21},"end":{"line":312,"column":28}}],"line":312},"68":{"loc":{"start":{"line":314,"column":6},"end":{"line":314,"column":61}},"type":"if","locations":[{"start":{"line":314,"column":6},"end":{"line":314,"column":61}},{"start":{},"end":{}}],"line":314},"69":{"loc":{"start":{"line":315,"column":6},"end":{"line":315,"column":57}},"type":"if","locations":[{"start":{"line":315,"column":6},"end":{"line":315,"column":57}},{"start":{},"end":{}}],"line":315},"70":{"loc":{"start":{"line":318,"column":4},"end":{"line":325,"column":5}},"type":"if","locations":[{"start":{"line":318,"column":4},"end":{"line":325,"column":5}},{"start":{},"end":{}}],"line":318},"71":{"loc":{"start":{"line":372,"column":4},"end":{"line":374,"column":5}},"type":"if","locations":[{"start":{"line":372,"column":4},"end":{"line":374,"column":5}},{"start":{},"end":{}}],"line":372},"72":{"loc":{"start":{"line":390,"column":6},"end":{"line":394,"column":7}},"type":"if","locations":[{"start":{"line":390,"column":6},"end":{"line":394,"column":7}},{"start":{},"end":{}}],"line":390},"73":{"loc":{"start":{"line":400,"column":8},"end":{"line":402,"column":9}},"type":"if","locations":[{"start":{"line":400,"column":8},"end":{"line":402,"column":9}},{"start":{},"end":{}}],"line":400},"74":{"loc":{"start":{"line":412,"column":6},"end":{"line":414,"column":7}},"type":"if","locations":[{"start":{"line":412,"column":6},"end":{"line":414,"column":7}},{"start":{},"end":{}}],"line":412},"75":{"loc":{"start":{"line":416,"column":6},"end":{"line":418,"column":7}},"type":"if","locations":[{"start":{"line":416,"column":6},"end":{"line":418,"column":7}},{"start":{},"end":{}}],"line":416},"76":{"loc":{"start":{"line":431,"column":4},"end":{"line":433,"column":5}},"type":"if","locations":[{"start":{"line":431,"column":4},"end":{"line":433,"column":5}},{"start":{},"end":{}}],"line":431},"77":{"loc":{"start":{"line":443,"column":4},"end":{"line":445,"column":5}},"type":"if","locations":[{"start":{"line":443,"column":4},"end":{"line":445,"column":5}},{"start":{},"end":{}}],"line":443},"78":{"loc":{"start":{"line":512,"column":23},"end":{"line":512,"column":76}},"type":"binary-expr","locations":[{"start":{"line":512,"column":24},"end":{"line":512,"column":69}},{"start":{"line":512,"column":74},"end":{"line":512,"column":76}}],"line":512},"79":{"loc":{"start":{"line":512,"column":24},"end":{"line":512,"column":69}},"type":"cond-expr","locations":[{"start":{"line":512,"column":49},"end":{"line":512,"column":59}},{"start":{"line":512,"column":62},"end":{"line":512,"column":69}}],"line":512},"80":{"loc":{"start":{"line":520,"column":32},"end":{"line":520,"column":61}},"type":"binary-expr","locations":[{"start":{"line":520,"column":32},"end":{"line":520,"column":56}},{"start":{"line":520,"column":60},"end":{"line":520,"column":61}}],"line":520},"81":{"loc":{"start":{"line":521,"column":37},"end":{"line":521,"column":71}},"type":"binary-expr","locations":[{"start":{"line":521,"column":37},"end":{"line":521,"column":66}},{"start":{"line":521,"column":70},"end":{"line":521,"column":71}}],"line":521},"82":{"loc":{"start":{"line":522,"column":36},"end":{"line":522,"column":69}},"type":"binary-expr","locations":[{"start":{"line":522,"column":36},"end":{"line":522,"column":64}},{"start":{"line":522,"column":68},"end":{"line":522,"column":69}}],"line":522},"83":{"loc":{"start":{"line":523,"column":26},"end":{"line":525,"column":15}},"type":"cond-expr","locations":[{"start":{"line":524,"column":10},"end":{"line":524,"column":57}},{"start":{"line":525,"column":10},"end":{"line":525,"column":15}}],"line":523},"84":{"loc":{"start":{"line":524,"column":21},"end":{"line":524,"column":45}},"type":"binary-expr","locations":[{"start":{"line":524,"column":21},"end":{"line":524,"column":40}},{"start":{"line":524,"column":44},"end":{"line":524,"column":45}}],"line":524}},"s":{"0":1,"1":1,"2":1,"3":1,"4":1,"5":1,"6":1,"7":0,"8":0,"9":0,"10":0,"11":0,"12":0,"13":0,"14":0,"15":18,"16":0,"17":18,"18":18,"19":18,"20":0,"21":0,"22":0,"23":0,"24":0,"25":0,"26":0,"27":0,"28":0,"29":0,"30":0,"31":0,"32":0,"33":0,"34":0,"35":0,"36":0,"37":0,"38":6,"39":6,"40":6,"41":6,"42":6,"43":1,"44":5,"45":1,"46":4,"47":2,"48":2,"49":2,"50":0,"51":0,"52":0,"53":0,"54":0,"55":0,"56":0,"57":0,"58":0,"59":0,"60":0,"61":0,"62":0,"63":0,"64":0,"65":0,"66":0,"67":0,"68":0,"69":0,"70":0,"71":0,"72":0,"73":0,"74":0,"75":0,"76":0,"77":0,"78":0,"79":0,"80":0,"81":0,"82":0,"83":0,"84":0,"85":0,"86":0,"87":0,"88":0,"89":0,"90":0,"91":0,"92":0,"93":0,"94":0,"95":0,"96":0,"97":0,"98":0,"99":0,"100":0,"101":0,"102":0,"103":0,"104":0,"105":0,"106":0,"107":0,"108":0,"109":0,"110":0,"111":0,"112":0,"113":0,"114":0,"115":0,"116":0,"117":0,"118":0,"119":0,"120":0,"121":0,"122":0,"123":0,"124":0,"125":0,"126":0,"127":0,"128":0,"129":0,"130":0,"131":0,"132":0,"133":0,"134":0,"135":0,"136":0,"137":0,"138":0,"139":0,"140":0,"141":0,"142":0,"143":0,"144":0,"145":0,"146":0,"147":0,"148":0,"149":0,"150":0,"151":0,"152":0,"153":0,"154":0,"155":0,"156":0,"157":0,"158":0,"159":0,"160":0,"161":0,"162":0,"163":0,"164":0,"165":0,"166":0,"167":0,"168":0,"169":0,"170":0,"171":0,"172":0,"173":0,"174":0,"175":0,"176":0,"177":0,"178":0,"179":0,"180":0,"181":0,"182":0,"183":0,"184":0,"185":0,"186":0,"187":1},"f":{"0":0,"1":0,"2":0,"3":0,"4":18,"5":18,"6":0,"7":0,"8":0,"9":6,"10":0,"11":0,"12":0,"13":0,"14":0,"15":0,"16":0,"17":0,"18":0,"19":0,"20":0},"b":{"0":[0,0],"1":[0,0],"2":[0,0,0],"3":[0,0],"4":[0,0],"5":[0,0],"6":[0,0],"7":[0,0],"8":[0,0],"9":[0,0],"10":[0,0],"11":[0],"12":[0,18],"13":[18,18,18],"14":[18,0],"15":[0,0],"16":[0,0,0],"17":[0,0],"18":[0,0],"19":[0,0],"20":[0,0,0],"21":[0,0],"22":[0,0],"23":[0,0],"24":[0,0],"25":[0,0],"26":[0,0],"27":[6,0],"28":[1,5],"29":[1,4],"30":[2,2],"31":[1,1],"32":[0],"33":[0,0],"34":[0,0],"35":[0,0],"36":[0,0],"37":[0,0],"38":[0,0],"39":[0,0],"40":[0,0],"41":[0,0],"42":[0,0],"43":[0,0],"44":[0,0],"45":[0,0],"46":[0,0,0],"47":[0,0],"48":[0,0],"49":[0,0],"50":[0,0],"51":[0,0],"52":[0,0],"53":[0,0],"54":[0,0],"55":[0,0],"56":[0,0],"57":[0,0],"58":[0,0],"59":[0,0],"60":[0,0],"61":[0,0],"62":[0,0],"63":[0],"64":[0,0],"65":[0,0],"66":[0,0],"67":[0,0],"68":[0,0],"69":[0,0],"70":[0,0],"71":[0,0],"72":[0,0],"73":[0,0],"74":[0,0],"75":[0,0],"76":[0,0],"77":[0,0],"78":[0,0],"79":[0,0],"80":[0,0],"81":[0,0],"82":[0,0],"83":[0,0],"84":[0,0]},"_coverageSchema":"1a1c01bbd47fc00a2c39e90264f33305004495a9","hash":"98e404508141dad9dbbd5e0952e7e61575031a8f"}
,"C:\\Users\\reyma\\Downloads\\jungle_world_resort\\jwr_complete\\backend\\src\\models\\Booking.js": {"path":"C:\\Users\\reyma\\Downloads\\jungle_world_resort\\jwr_complete\\backend\\src\\models\\Booking.js","statementMap":{"0":{"start":{"line":3,"column":0},"end":{"line":177,"column":2}},"1":{"start":{"line":4,"column":18},"end":{"line":174,"column":4}},"2":{"start":{"line":176,"column":2},"end":{"line":176,"column":17}}},"fnMap":{"0":{"name":"(anonymous_0)","decl":{"start":{"line":3,"column":17},"end":{"line":3,"column":18}},"loc":{"start":{"line":3,"column":43},"end":{"line":177,"column":1}},"line":3}},"branchMap":{},"s":{"0":1,"1":1,"2":1},"f":{"0":1},"b":{},"_coverageSchema":"1a1c01bbd47fc00a2c39e90264f33305004495a9","hash":"9d2f7a4196bab87acaa53d67784b952d91166056"}
,"C:\\Users\\reyma\\Downloads\\jungle_world_resort\\jwr_complete\\backend\\src\\models\\BookingAuditLog.js": {"path":"C:\\Users\\reyma\\Downloads\\jungle_world_resort\\jwr_complete\\backend\\src\\models\\BookingAuditLog.js","statementMap":{"0":{"start":{"line":3,"column":0},"end":{"line":70,"column":2}},"1":{"start":{"line":4,"column":26},"end":{"line":67,"column":4}},"2":{"start":{"line":69,"column":2},"end":{"line":69,"column":25}}},"fnMap":{"0":{"name":"(anonymous_0)","decl":{"start":{"line":3,"column":17},"end":{"line":3,"column":18}},"loc":{"start":{"line":3,"column":43},"end":{"line":70,"column":1}},"line":3}},"branchMap":{},"s":{"0":1,"1":1,"2":1},"f":{"0":1},"b":{},"_coverageSchema":"1a1c01bbd47fc00a2c39e90264f33305004495a9","hash":"bd3968a901932a7e60e1268893d15586c6ab8bde"}
,"C:\\Users\\reyma\\Downloads\\jungle_world_resort\\jwr_complete\\backend\\src\\models\\Package.js": {"path":"C:\\Users\\reyma\\Downloads\\jungle_world_resort\\jwr_complete\\backend\\src\\models\\Package.js","statementMap":{"0":{"start":{"line":3,"column":0},"end":{"line":83,"column":2}},"1":{"start":{"line":4,"column":18},"end":{"line":80,"column":4}},"2":{"start":{"line":82,"column":2},"end":{"line":82,"column":17}}},"fnMap":{"0":{"name":"(anonymous_0)","decl":{"start":{"line":3,"column":17},"end":{"line":3,"column":18}},"loc":{"start":{"line":3,"column":43},"end":{"line":83,"column":1}},"line":3}},"branchMap":{},"s":{"0":1,"1":1,"2":1},"f":{"0":1},"b":{},"_coverageSchema":"1a1c01bbd47fc00a2c39e90264f33305004495a9","hash":"27c7e2aa95e5dcef78f510d33827649aff22dbd2"}
,"C:\\Users\\reyma\\Downloads\\jungle_world_resort\\jwr_complete\\backend\\src\\models\\Payment.js": {"path":"C:\\Users\\reyma\\Downloads\\jungle_world_resort\\jwr_complete\\backend\\src\\models\\Payment.js","statementMap":{"0":{"start":{"line":3,"column":0},"end":{"line":76,"column":2}},"1":{"start":{"line":4,"column":18},"end":{"line":73,"column":4}},"2":{"start":{"line":75,"column":2},"end":{"line":75,"column":17}}},"fnMap":{"0":{"name":"(anonymous_0)","decl":{"start":{"line":3,"column":17},"end":{"line":3,"column":18}},"loc":{"start":{"line":3,"column":43},"end":{"line":76,"column":1}},"line":3}},"branchMap":{},"s":{"0":1,"1":1,"2":1},"f":{"0":1},"b":{},"_coverageSchema":"1a1c01bbd47fc00a2c39e90264f33305004495a9","hash":"cc03829f025de8ee6be49f4929a1f8152335d83e"}
,"C:\\Users\\reyma\\Downloads\\jungle_world_resort\\jwr_complete\\backend\\src\\models\\Review.js": {"path":"C:\\Users\\reyma\\Downloads\\jungle_world_resort\\jwr_complete\\backend\\src\\models\\Review.js","statementMap":{"0":{"start":{"line":3,"column":0},"end":{"line":85,"column":2}},"1":{"start":{"line":4,"column":17},"end":{"line":82,"column":4}},"2":{"start":{"line":84,"column":2},"end":{"line":84,"column":16}}},"fnMap":{"0":{"name":"(anonymous_0)","decl":{"start":{"line":3,"column":17},"end":{"line":3,"column":18}},"loc":{"start":{"line":3,"column":43},"end":{"line":85,"column":1}},"line":3}},"branchMap":{},"s":{"0":1,"1":1,"2":1},"f":{"0":1},"b":{},"_coverageSchema":"1a1c01bbd47fc00a2c39e90264f33305004495a9","hash":"32450608f5c5a9295dd1f0b4cfccb7c787848e90"}
,"C:\\Users\\reyma\\Downloads\\jungle_world_resort\\jwr_complete\\backend\\src\\models\\User.js": {"path":"C:\\Users\\reyma\\Downloads\\jungle_world_resort\\jwr_complete\\backend\\src\\models\\User.js","statementMap":{"0":{"start":{"line":3,"column":0},"end":{"line":96,"column":2}},"1":{"start":{"line":4,"column":15},"end":{"line":87,"column":4}},"2":{"start":{"line":90,"column":2},"end":{"line":93,"column":4}},"3":{"start":{"line":91,"column":76},"end":{"line":91,"column":89}},"4":{"start":{"line":92,"column":4},"end":{"line":92,"column":16}},"5":{"start":{"line":95,"column":2},"end":{"line":95,"column":14}}},"fnMap":{"0":{"name":"(anonymous_0)","decl":{"start":{"line":3,"column":17},"end":{"line":3,"column":18}},"loc":{"start":{"line":3,"column":43},"end":{"line":96,"column":1}},"line":3},"1":{"name":"(anonymous_1)","decl":{"start":{"line":90,"column":30},"end":{"line":90,"column":31}},"loc":{"start":{"line":90,"column":42},"end":{"line":93,"column":3}},"line":90}},"branchMap":{},"s":{"0":1,"1":1,"2":1,"3":0,"4":0,"5":1},"f":{"0":1,"1":0},"b":{},"_coverageSchema":"1a1c01bbd47fc00a2c39e90264f33305004495a9","hash":"fb886da70e05aa3bc805e69e8e6988b58398e861"}
,"C:\\Users\\reyma\\Downloads\\jungle_world_resort\\jwr_complete\\backend\\src\\models\\VerificationSession.js": {"path":"C:\\Users\\reyma\\Downloads\\jungle_world_resort\\jwr_complete\\backend\\src\\models\\VerificationSession.js","statementMap":{"0":{"start":{"line":3,"column":0},"end":{"line":58,"column":2}},"1":{"start":{"line":4,"column":30},"end":{"line":55,"column":4}},"2":{"start":{"line":57,"column":2},"end":{"line":57,"column":29}}},"fnMap":{"0":{"name":"(anonymous_0)","decl":{"start":{"line":3,"column":17},"end":{"line":3,"column":18}},"loc":{"start":{"line":3,"column":43},"end":{"line":58,"column":1}},"line":3}},"branchMap":{},"s":{"0":1,"1":1,"2":1},"f":{"0":1},"b":{},"_coverageSchema":"1a1c01bbd47fc00a2c39e90264f33305004495a9","hash":"64bc95f7841cd01f231f50ae8c5982ca029ce1ea"}
,"C:\\Users\\reyma\\Downloads\\jungle_world_resort\\jwr_complete\\backend\\src\\models\\VerificationToken.js": {"path":"C:\\Users\\reyma\\Downloads\\jungle_world_resort\\jwr_complete\\backend\\src\\models\\VerificationToken.js","statementMap":{"0":{"start":{"line":10,"column":0},"end":{"line":60,"column":2}},"1":{"start":{"line":11,"column":28},"end":{"line":57,"column":4}},"2":{"start":{"line":59,"column":2},"end":{"line":59,"column":27}}},"fnMap":{"0":{"name":"(anonymous_0)","decl":{"start":{"line":10,"column":17},"end":{"line":10,"column":18}},"loc":{"start":{"line":10,"column":43},"end":{"line":60,"column":1}},"line":10}},"branchMap":{},"s":{"0":1,"1":1,"2":1},"f":{"0":1},"b":{},"_coverageSchema":"1a1c01bbd47fc00a2c39e90264f33305004495a9","hash":"b7c7a2af203915863227467f058d7a9b29b76caf"}
,"C:\\Users\\reyma\\Downloads\\jungle_world_resort\\jwr_complete\\backend\\src\\models\\index.js": {"path":"C:\\Users\\reyma\\Downloads\\jungle_world_resort\\jwr_complete\\backend\\src\\models\\index.js","statementMap":{"0":{"start":{"line":3,"column":33},"end":{"line":3,"column":53}},"1":{"start":{"line":4,"column":0},"end":{"line":4,"column":27}},"2":{"start":{"line":9,"column":0},"end":{"line":38,"column":1}},"3":{"start":{"line":10,"column":2},"end":{"line":25,"column":5}},"4":{"start":{"line":27,"column":2},"end":{"line":37,"column":4}},"5":{"start":{"line":41,"column":29},"end":{"line":41,"column":68}},"6":{"start":{"line":42,"column":29},"end":{"line":42,"column":71}},"7":{"start":{"line":43,"column":29},"end":{"line":43,"column":71}},"8":{"start":{"line":44,"column":29},"end":{"line":44,"column":71}},"9":{"start":{"line":45,"column":29},"end":{"line":45,"column":70}},"10":{"start":{"line":46,"column":29},"end":{"line":46,"column":83}},"11":{"start":{"line":47,"column":29},"end":{"line":47,"column":81}},"12":{"start":{"line":48,"column":29},"end":{"line":48,"column":79}},"13":{"start":{"line":53,"column":0},"end":{"line":53,"column":65}},"14":{"start":{"line":54,"column":0},"end":{"line":54,"column":63}},"15":{"start":{"line":57,"column":0},"end":{"line":57,"column":71}},"16":{"start":{"line":58,"column":0},"end":{"line":58,"column":72}},"17":{"start":{"line":61,"column":0},"end":{"line":61,"column":71}},"18":{"start":{"line":62,"column":0},"end":{"line":62,"column":72}},"19":{"start":{"line":65,"column":0},"end":{"line":65,"column":67}},"20":{"start":{"line":66,"column":0},"end":{"line":66,"column":71}},"21":{"start":{"line":69,"column":0},"end":{"line":69,"column":63}},"22":{"start":{"line":70,"column":0},"end":{"line":70,"column":62}},"23":{"start":{"line":73,"column":0},"end":{"line":73,"column":81}},"24":{"start":{"line":74,"column":0},"end":{"line":74,"column":80}},"25":{"start":{"line":77,"column":0},"end":{"line":77,"column":81}},"26":{"start":{"line":78,"column":0},"end":{"line":78,"column":80}},"27":{"start":{"line":81,"column":0},"end":{"line":92,"column":2}}},"fnMap":{},"branchMap":{"0":{"loc":{"start":{"line":9,"column":0},"end":{"line":38,"column":1}},"type":"if","locations":[{"start":{"line":9,"column":0},"end":{"line":38,"column":1}},{"start":{"line":26,"column":7},"end":{"line":38,"column":1}}],"line":9},"1":{"loc":{"start":{"line":12,"column":13},"end":{"line":12,"column":73}},"type":"cond-expr","locations":[{"start":{"line":12,"column":54},"end":{"line":12,"column":65}},{"start":{"line":12,"column":68},"end":{"line":12,"column":73}}],"line":12},"2":{"loc":{"start":{"line":28,"column":4},"end":{"line":28,"column":41}},"type":"binary-expr","locations":[{"start":{"line":28,"column":4},"end":{"line":28,"column":23}},{"start":{"line":28,"column":27},"end":{"line":28,"column":41}}],"line":28},"3":{"loc":{"start":{"line":29,"column":4},"end":{"line":29,"column":40}},"type":"binary-expr","locations":[{"start":{"line":29,"column":4},"end":{"line":29,"column":23}},{"start":{"line":29,"column":27},"end":{"line":29,"column":40}}],"line":29},"4":{"loc":{"start":{"line":30,"column":4},"end":{"line":30,"column":33}},"type":"binary-expr","locations":[{"start":{"line":30,"column":4},"end":{"line":30,"column":27}},{"start":{"line":30,"column":31},"end":{"line":30,"column":33}}],"line":30},"5":{"loc":{"start":{"line":32,"column":15},"end":{"line":32,"column":49}},"type":"binary-expr","locations":[{"start":{"line":32,"column":15},"end":{"line":32,"column":34}},{"start":{"line":32,"column":38},"end":{"line":32,"column":49}}],"line":32},"6":{"loc":{"start":{"line":33,"column":15},"end":{"line":33,"column":52}},"type":"binary-expr","locations":[{"start":{"line":33,"column":15},"end":{"line":33,"column":44}},{"start":{"line":33,"column":48},"end":{"line":33,"column":52}}],"line":33},"7":{"loc":{"start":{"line":35,"column":15},"end":{"line":35,"column":75}},"type":"cond-expr","locations":[{"start":{"line":35,"column":56},"end":{"line":35,"column":67}},{"start":{"line":35,"column":70},"end":{"line":35,"column":75}}],"line":35}},"s":{"0":1,"1":1,"2":1,"3":1,"4":0,"5":1,"6":1,"7":1,"8":1,"9":1,"10":1,"11":1,"12":1,"13":1,"14":1,"15":1,"16":1,"17":1,"18":1,"19":1,"20":1,"21":1,"22":1,"23":1,"24":1,"25":1,"26":1,"27":1},"f":{},"b":{"0":[1,0],"1":[0,1],"2":[0,0],"3":[0,0],"4":[0,0],"5":[0,0],"6":[0,0],"7":[0,0]},"_coverageSchema":"1a1c01bbd47fc00a2c39e90264f33305004495a9","hash":"1d8f516734a77035616eb3f63cb5b94401393602"}
}
