TN:
SF:src\controllers\adminController.js
FN:53,fieldToAction
FN:67,fieldLabel
FN:81,getClientIp
FN:89,actorFromRequest
FN:104,toAmount
FN:110,money
FN:114,parseAmountInput
FN:125,normalizeAuditValue
FN:131,valuesMatch
FN:138,paymentRevenueFromValues
FN:153,bookingSnapshot
FN:158,applyPaymentRules
FN:160,(anonymous_12)
FN:208,auditEntriesForChanges
FN:242,buildRequestedUpdates
FN:294,getBookings
FN:355,getBookingById
FN:382,updateBooking
FN:388,(anonymous_18)
FN:438,getAuditLogs
FN:459,getDashboardStats
FNF:21
FNH:3
FNDA:0,fieldToAction
FNDA:0,fieldLabel
FNDA:0,getClientIp
FNDA:0,actorFromRequest
FNDA:18,toAmount
FNDA:18,money
FNDA:0,parseAmountInput
FNDA:0,normalizeAuditValue
FNDA:0,valuesMatch
FNDA:6,paymentRevenueFromValues
FNDA:0,bookingSnapshot
FNDA:0,applyPaymentRules
FNDA:0,(anonymous_12)
FNDA:0,auditEntriesForChanges
FNDA:0,buildRequestedUpdates
FNDA:0,getBookings
FNDA:0,getBookingById
FNDA:0,updateBooking
FNDA:0,(anonymous_18)
FNDA:0,getAuditLogs
FNDA:0,getDashboardStats
DA:3,1
DA:4,1
DA:6,1
DA:15,1
DA:23,1
DA:31,1
DA:38,1
DA:54,0
DA:64,0
DA:68,0
DA:78,0
DA:82,0
DA:90,0
DA:91,0
DA:95,0
DA:105,18
DA:106,18
DA:107,18
DA:111,18
DA:115,0
DA:116,0
DA:117,0
DA:118,0
DA:119,0
DA:120,0
DA:122,0
DA:126,0
DA:127,0
DA:128,0
DA:132,0
DA:133,0
DA:134,0
DA:135,0
DA:139,6
DA:140,6
DA:141,6
DA:142,6
DA:144,6
DA:145,5
DA:146,4
DA:147,2
DA:148,2
DA:150,2
DA:154,0
DA:155,0
DA:159,0
DA:160,0
DA:163,0
DA:165,0
DA:166,0
DA:167,0
DA:168,0
DA:169,0
DA:172,0
DA:176,0
DA:177,0
DA:178,0
DA:179,0
DA:180,0
DA:181,0
DA:182,0
DA:183,0
DA:184,0
DA:185,0
DA:186,0
DA:187,0
DA:192,0
DA:194,0
DA:197,0
DA:201,0
DA:202,0
DA:203,0
DA:205,0
DA:209,0
DA:210,0
DA:211,0
DA:213,0
DA:214,0
DA:215,0
DA:217,0
DA:239,0
DA:243,0
DA:245,0
DA:246,0
DA:247,0
DA:248,0
DA:249,0
DA:251,0
DA:254,0
DA:255,0
DA:256,0
DA:257,0
DA:258,0
DA:260,0
DA:263,0
DA:264,0
DA:265,0
DA:266,0
DA:267,0
DA:268,0
DA:270,0
DA:273,0
DA:274,0
DA:277,0
DA:278,0
DA:281,0
DA:282,0
DA:285,0
DA:286,0
DA:291,0
DA:295,0
DA:303,0
DA:305,0
DA:306,0
DA:307,0
DA:309,0
DA:310,0
DA:312,0
DA:313,0
DA:314,0
DA:315,0
DA:318,0
DA:319,0
DA:320,0
DA:327,0
DA:329,0
DA:344,0
DA:351,0
DA:356,0
DA:357,0
DA:372,0
DA:373,0
DA:376,0
DA:378,0
DA:383,0
DA:384,0
DA:385,0
DA:388,0
DA:389,0
DA:390,0
DA:391,0
DA:392,0
DA:393,0
DA:396,0
DA:397,0
DA:399,0
DA:400,0
DA:401,0
DA:405,0
DA:412,0
DA:413,0
DA:416,0
DA:417,0
DA:420,0
DA:426,0
DA:431,0
DA:432,0
DA:434,0
DA:439,0
DA:440,0
DA:442,0
DA:443,0
DA:444,0
DA:447,0
DA:453,0
DA:455,0
DA:460,0
DA:461,0
DA:462,0
DA:471,0
DA:485,0
DA:512,0
DA:514,0
DA:528,0
DA:532,1
LF:175
LH:22
BRDA:64,0,0,0
BRDA:64,0,1,0
BRDA:78,1,0,0
BRDA:78,1,1,0
BRDA:83,2,0,0
BRDA:83,2,1,0
BRDA:83,2,2,0
BRDA:83,3,0,0
BRDA:83,3,1,0
BRDA:90,4,0,0
BRDA:90,4,1,0
BRDA:91,5,0,0
BRDA:91,5,1,0
BRDA:92,6,0,0
BRDA:92,6,1,0
BRDA:93,7,0,0
BRDA:93,7,1,0
BRDA:97,8,0,0
BRDA:97,8,1,0
BRDA:98,9,0,0
BRDA:98,9,1,0
BRDA:100,10,0,0
BRDA:100,10,1,0
BRDA:104,11,0,0
BRDA:105,12,0,0
BRDA:105,12,1,18
BRDA:105,13,0,18
BRDA:105,13,1,18
BRDA:105,13,2,18
BRDA:107,14,0,18
BRDA:107,14,1,0
BRDA:115,15,0,0
BRDA:115,15,1,0
BRDA:115,16,0,0
BRDA:115,16,1,0
BRDA:115,16,2,0
BRDA:117,17,0,0
BRDA:117,17,1,0
BRDA:117,18,0,0
BRDA:117,18,1,0
BRDA:126,19,0,0
BRDA:126,19,1,0
BRDA:126,20,0,0
BRDA:126,20,1,0
BRDA:126,20,2,0
BRDA:127,21,0,0
BRDA:127,21,1,0
BRDA:132,22,0,0
BRDA:132,22,1,0
BRDA:133,23,0,0
BRDA:133,23,1,0
BRDA:133,24,0,0
BRDA:133,24,1,0
BRDA:134,25,0,0
BRDA:134,25,1,0
BRDA:134,26,0,0
BRDA:134,26,1,0
BRDA:139,27,0,6
BRDA:139,27,1,0
BRDA:144,28,0,1
BRDA:144,28,1,5
BRDA:145,29,0,1
BRDA:145,29,1,4
BRDA:146,30,0,2
BRDA:146,30,1,2
BRDA:147,31,0,1
BRDA:147,31,1,1
BRDA:153,32,0,0
BRDA:154,33,0,0
BRDA:154,33,1,0
BRDA:163,34,0,0
BRDA:163,34,1,0
BRDA:167,35,0,0
BRDA:167,35,1,0
BRDA:168,36,0,0
BRDA:168,36,1,0
BRDA:169,37,0,0
BRDA:169,37,1,0
BRDA:172,38,0,0
BRDA:172,38,1,0
BRDA:176,39,0,0
BRDA:176,39,1,0
BRDA:176,40,0,0
BRDA:176,40,1,0
BRDA:179,41,0,0
BRDA:179,41,1,0
BRDA:182,42,0,0
BRDA:182,42,1,0
BRDA:185,43,0,0
BRDA:185,43,1,0
BRDA:186,44,0,0
BRDA:186,44,1,0
BRDA:187,45,0,0
BRDA:187,45,1,0
BRDA:188,46,0,0
BRDA:188,46,1,0
BRDA:188,46,2,0
BRDA:197,47,0,0
BRDA:197,47,1,0
BRDA:215,48,0,0
BRDA:215,48,1,0
BRDA:245,49,0,0
BRDA:245,49,1,0
BRDA:246,50,0,0
BRDA:246,50,1,0
BRDA:254,51,0,0
BRDA:254,51,1,0
BRDA:255,52,0,0
BRDA:255,52,1,0
BRDA:263,53,0,0
BRDA:263,53,1,0
BRDA:264,54,0,0
BRDA:264,54,1,0
BRDA:265,55,0,0
BRDA:265,55,1,0
BRDA:265,56,0,0
BRDA:265,56,1,0
BRDA:273,57,0,0
BRDA:273,57,1,0
BRDA:277,58,0,0
BRDA:277,58,1,0
BRDA:281,59,0,0
BRDA:281,59,1,0
BRDA:282,60,0,0
BRDA:282,60,1,0
BRDA:285,61,0,0
BRDA:285,61,1,0
BRDA:286,62,0,0
BRDA:286,62,1,0
BRDA:302,63,0,0
BRDA:309,64,0,0
BRDA:309,64,1,0
BRDA:310,65,0,0
BRDA:310,65,1,0
BRDA:312,66,0,0
BRDA:312,66,1,0
BRDA:312,67,0,0
BRDA:312,67,1,0
BRDA:314,68,0,0
BRDA:314,68,1,0
BRDA:315,69,0,0
BRDA:315,69,1,0
BRDA:318,70,0,0
BRDA:318,70,1,0
BRDA:372,71,0,0
BRDA:372,71,1,0
BRDA:390,72,0,0
BRDA:390,72,1,0
BRDA:400,73,0,0
BRDA:400,73,1,0
BRDA:412,74,0,0
BRDA:412,74,1,0
BRDA:416,75,0,0
BRDA:416,75,1,0
BRDA:431,76,0,0
BRDA:431,76,1,0
BRDA:443,77,0,0
BRDA:443,77,1,0
BRDA:512,78,0,0
BRDA:512,78,1,0
BRDA:512,79,0,0
BRDA:512,79,1,0
BRDA:520,80,0,0
BRDA:520,80,1,0
BRDA:521,81,0,0
BRDA:521,81,1,0
BRDA:522,82,0,0
BRDA:522,82,1,0
BRDA:523,83,0,0
BRDA:523,83,1,0
BRDA:524,84,0,0
BRDA:524,84,1,0
BRF:172
BRH:14
end_of_record
TN:
SF:src\models\Booking.js
FN:3,(anonymous_0)
FNF:1
FNH:1
FNDA:1,(anonymous_0)
DA:3,1
DA:4,1
DA:176,1
LF:3
LH:3
BRF:0
BRH:0
end_of_record
TN:
SF:src\models\BookingAuditLog.js
FN:3,(anonymous_0)
FNF:1
FNH:1
FNDA:1,(anonymous_0)
DA:3,1
DA:4,1
DA:69,1
LF:3
LH:3
BRF:0
BRH:0
end_of_record
TN:
SF:src\models\Package.js
FN:3,(anonymous_0)
FNF:1
FNH:1
FNDA:1,(anonymous_0)
DA:3,1
DA:4,1
DA:82,1
LF:3
LH:3
BRF:0
BRH:0
end_of_record
TN:
SF:src\models\Payment.js
FN:3,(anonymous_0)
FNF:1
FNH:1
FNDA:1,(anonymous_0)
DA:3,1
DA:4,1
DA:75,1
LF:3
LH:3
BRF:0
BRH:0
end_of_record
TN:
SF:src\models\Review.js
FN:3,(anonymous_0)
FNF:1
FNH:1
FNDA:1,(anonymous_0)
DA:3,1
DA:4,1
DA:84,1
LF:3
LH:3
BRF:0
BRH:0
end_of_record
TN:
SF:src\models\User.js
FN:3,(anonymous_0)
FN:90,(anonymous_1)
FNF:2
FNH:1
FNDA:1,(anonymous_0)
FNDA:0,(anonymous_1)
DA:3,1
DA:4,1
DA:90,1
DA:91,0
DA:92,0
DA:95,1
LF:6
LH:4
BRF:0
BRH:0
end_of_record
TN:
SF:src\models\VerificationSession.js
FN:3,(anonymous_0)
FNF:1
FNH:1
FNDA:1,(anonymous_0)
DA:3,1
DA:4,1
DA:57,1
LF:3
LH:3
BRF:0
BRH:0
end_of_record
TN:
SF:src\models\VerificationToken.js
FN:10,(anonymous_0)
FNF:1
FNH:1
FNDA:1,(anonymous_0)
DA:10,1
DA:11,1
DA:59,1
LF:3
LH:3
BRF:0
BRH:0
end_of_record
TN:
SF:src\models\index.js
FNF:0
FNH:0
DA:3,1
DA:4,1
DA:9,1
DA:10,1
DA:27,0
DA:41,1
DA:42,1
DA:43,1
DA:44,1
DA:45,1
DA:46,1
DA:47,1
DA:48,1
DA:53,1
DA:54,1
DA:57,1
DA:58,1
DA:61,1
DA:62,1
DA:65,1
DA:66,1
DA:69,1
DA:70,1
DA:73,1
DA:74,1
DA:77,1
DA:78,1
DA:81,1
LF:28
LH:27
BRDA:9,0,0,1
BRDA:9,0,1,0
BRDA:12,1,0,0
BRDA:12,1,1,1
BRDA:28,2,0,0
BRDA:28,2,1,0
BRDA:29,3,0,0
BRDA:29,3,1,0
BRDA:30,4,0,0
BRDA:30,4,1,0
BRDA:32,5,0,0
BRDA:32,5,1,0
BRDA:33,6,0,0
BRDA:33,6,1,0
BRDA:35,7,0,0
BRDA:35,7,1,0
BRF:16
BRH:2
end_of_record
